2013-01-09 09:39:48,021 DEBUG [SpringJUnit4ClassRunner]: SpringJUnit4ClassRunner constructor called with [class com.nayidisha.twitter.service.test.CampaignServiceTest].
2013-01-09 09:39:48,028 DEBUG [TestContext]: Retrieved @ContextConfiguration [@org.springframework.test.context.ContextConfiguration(locations=[/twitterContext.xml, AbstractTwitterTests-context.xml], loader=interface org.springframework.test.context.ContextLoader, value=[], inheritLocations=true)] for class [class com.nayidisha.twitter.service.test.CampaignServiceTest]
2013-01-09 09:39:48,029 DEBUG [TestContext]: Processing ContextLoader for @ContextConfiguration [@org.springframework.test.context.ContextConfiguration(locations=[/twitterContext.xml, AbstractTwitterTests-context.xml], loader=interface org.springframework.test.context.ContextLoader, value=[], inheritLocations=true)] and declaring class [class com.nayidisha.twitter.service.test.AbstractTwitterTests]
2013-01-09 09:39:48,030 DEBUG [TestContext]: Using default ContextLoader class [org.springframework.test.context.support.GenericXmlContextLoader] for @ContextConfiguration [@org.springframework.test.context.ContextConfiguration(locations=[/twitterContext.xml, AbstractTwitterTests-context.xml], loader=interface org.springframework.test.context.ContextLoader, value=[], inheritLocations=true)] and class [class com.nayidisha.twitter.service.test.CampaignServiceTest]
2013-01-09 09:39:48,040 DEBUG [TestContext]: Retrieved @ContextConfiguration [@org.springframework.test.context.ContextConfiguration(locations=[/twitterContext.xml, AbstractTwitterTests-context.xml], loader=interface org.springframework.test.context.ContextLoader, value=[], inheritLocations=true)] for declaring class [class com.nayidisha.twitter.service.test.AbstractTwitterTests]
2013-01-09 09:39:48,046 DEBUG [TestContextManager]: Retrieved @TestExecutionListeners [@org.springframework.test.context.TestExecutionListeners(listeners=[], inheritListeners=true, value=[class com.nayidisha.testing.TwitterTestExecutionListener])] for declaring class [class com.nayidisha.twitter.service.test.CampaignServiceTest].
2013-01-09 09:39:48,046 DEBUG [TestContextManager]: Retrieved @TestExecutionListeners [@org.springframework.test.context.TestExecutionListeners(listeners=[], inheritListeners=true, value=[class org.springframework.test.context.transaction.TransactionalTestExecutionListener])] for declaring class [class org.springframework.test.context.junit4.AbstractTransactionalJUnit4SpringContextTests].
2013-01-09 09:39:48,047 DEBUG [TestContextManager]: Retrieved @TestExecutionListeners [@org.springframework.test.context.TestExecutionListeners(listeners=[], inheritListeners=true, value=[class org.springframework.test.context.support.DependencyInjectionTestExecutionListener, class org.springframework.test.context.support.DirtiesContextTestExecutionListener])] for declaring class [class org.springframework.test.context.junit4.AbstractJUnit4SpringContextTests].
2013-01-09 09:39:48,053 DEBUG [TestContextManager]: Registering TestExecutionListener [org.springframework.test.context.support.DependencyInjectionTestExecutionListener@3ce95a56]
2013-01-09 09:39:48,053 DEBUG [TestContextManager]: Registering TestExecutionListener [org.springframework.test.context.support.DirtiesContextTestExecutionListener@7c29e357]
2013-01-09 09:39:48,053 DEBUG [TestContextManager]: Registering TestExecutionListener [org.springframework.test.context.transaction.TransactionalTestExecutionListener@220ca470]
2013-01-09 09:39:48,053 DEBUG [TestContextManager]: Registering TestExecutionListener [com.nayidisha.testing.TwitterTestExecutionListener@6bffc686]
2013-01-09 09:39:48,056 DEBUG [ProfileValueUtils]: Retrieved @ProfileValueSourceConfiguration [null] for test class [com.nayidisha.twitter.service.test.CampaignServiceTest]
2013-01-09 09:39:48,057 DEBUG [ProfileValueUtils]: Retrieved ProfileValueSource type [class org.springframework.test.annotation.SystemProfileValueSource] for class [com.nayidisha.twitter.service.test.CampaignServiceTest]
2013-01-09 09:39:48,057 DEBUG [ProfileValueUtils]: Retrieved @ProfileValueSourceConfiguration [null] for test class [com.nayidisha.twitter.service.test.CampaignServiceTest]
2013-01-09 09:39:48,057 DEBUG [ProfileValueUtils]: Retrieved ProfileValueSource type [class org.springframework.test.annotation.SystemProfileValueSource] for class [com.nayidisha.twitter.service.test.CampaignServiceTest]
2013-01-09 09:39:48,065 DEBUG [TestContextManager]: beforeTestClass(): class [class com.nayidisha.twitter.service.test.CampaignServiceTest]
2013-01-09 09:39:48,065 DEBUG [AbstractGenericContextLoader]: Loading ApplicationContext for locations [classpath:/twitterContext.xml,classpath:/com/nayidisha/twitter/service/test/AbstractTwitterTests-context.xml].
2013-01-09 09:39:48,145 INFO  [XmlBeanDefinitionReader]: Loading XML bean definitions from class path resource [twitterContext.xml]
2013-01-09 09:39:48,170 DEBUG [DefaultDocumentLoader]: Using JAXP provider [com.sun.org.apache.xerces.internal.jaxp.DocumentBuilderFactoryImpl]
2013-01-09 09:39:48,244 DEBUG [PluggableSchemaResolver]: Trying to resolve XML entity with public id [null] and system id [http://www.springframework.org/schema/beans/spring-beans-2.0.xsd]
2013-01-09 09:39:48,244 DEBUG [PluggableSchemaResolver]: Loading schema mappings from [META-INF/spring.schemas]
2013-01-09 09:39:48,246 DEBUG [PluggableSchemaResolver]: Loaded schema mappings: {http://www.springframework.org/schema/lang/spring-lang.xsd=org/springframework/scripting/config/spring-lang-3.0.xsd, http://www.springframework.org/schema/lang/spring-lang-2.5.xsd=org/springframework/scripting/config/spring-lang-2.5.xsd, http://www.springframework.org/schema/context/spring-context-2.5.xsd=org/springframework/context/config/spring-context-2.5.xsd, http://www.springframework.org/schema/context/spring-context.xsd=org/springframework/context/config/spring-context-3.0.xsd, http://www.springframework.org/schema/util/spring-util-3.0.xsd=org/springframework/beans/factory/xml/spring-util-3.0.xsd, http://www.springframework.org/schema/aop/spring-aop.xsd=org/springframework/aop/config/spring-aop-3.0.xsd, http://www.springframework.org/schema/util/spring-util-2.0.xsd=org/springframework/beans/factory/xml/spring-util-2.0.xsd, http://www.springframework.org/schema/task/spring-task-3.0.xsd=org/springframework/scheduling/config/spring-task-3.0.xsd, http://www.springframework.org/schema/util/spring-util-2.5.xsd=org/springframework/beans/factory/xml/spring-util-2.5.xsd, http://www.springframework.org/schema/tool/spring-tool-3.0.xsd=org/springframework/beans/factory/xml/spring-tool-3.0.xsd, http://www.springframework.org/schema/jdbc/spring-jdbc.xsd=org/springframework/jdbc/config/spring-jdbc-3.0.xsd, http://www.springframework.org/schema/tool/spring-tool-2.0.xsd=org/springframework/beans/factory/xml/spring-tool-2.0.xsd, http://www.springframework.org/schema/tx/spring-tx-2.0.xsd=org/springframework/transaction/config/spring-tx-2.0.xsd, http://www.springframework.org/schema/task/spring-task.xsd=org/springframework/scheduling/config/spring-task-3.0.xsd, http://www.springframework.org/schema/context/spring-context-3.0.xsd=org/springframework/context/config/spring-context-3.0.xsd, http://www.springframework.org/schema/beans/spring-beans-2.0.xsd=org/springframework/beans/factory/xml/spring-beans-2.0.xsd, http://www.springframework.org/schema/tool/spring-tool-2.5.xsd=org/springframework/beans/factory/xml/spring-tool-2.5.xsd, http://www.springframework.org/schema/tx/spring-tx-2.5.xsd=org/springframework/transaction/config/spring-tx-2.5.xsd, http://www.springframework.org/schema/jee/spring-jee.xsd=org/springframework/ejb/config/spring-jee-3.0.xsd, http://www.springframework.org/schema/beans/spring-beans-2.5.xsd=org/springframework/beans/factory/xml/spring-beans-2.5.xsd, http://www.springframework.org/schema/beans/spring-beans.xsd=org/springframework/beans/factory/xml/spring-beans-3.0.xsd, http://www.springframework.org/schema/tool/spring-tool.xsd=org/springframework/beans/factory/xml/spring-tool-3.0.xsd, http://www.springframework.org/schema/jee/spring-jee-3.0.xsd=org/springframework/ejb/config/spring-jee-3.0.xsd, http://www.springframework.org/schema/tx/spring-tx.xsd=org/springframework/transaction/config/spring-tx-3.0.xsd, http://www.springframework.org/schema/aop/spring-aop-3.0.xsd=org/springframework/aop/config/spring-aop-3.0.xsd, http://www.springframework.org/schema/jee/spring-jee-2.0.xsd=org/springframework/ejb/config/spring-jee-2.0.xsd, http://www.springframework.org/schema/aop/spring-aop-2.0.xsd=org/springframework/aop/config/spring-aop-2.0.xsd, http://www.springframework.org/schema/tx/spring-tx-3.0.xsd=org/springframework/transaction/config/spring-tx-3.0.xsd, http://www.springframework.org/schema/jee/spring-jee-2.5.xsd=org/springframework/ejb/config/spring-jee-2.5.xsd, http://www.springframework.org/schema/aop/spring-aop-2.5.xsd=org/springframework/aop/config/spring-aop-2.5.xsd, http://www.springframework.org/schema/beans/spring-beans-3.0.xsd=org/springframework/beans/factory/xml/spring-beans-3.0.xsd, http://www.springframework.org/schema/lang/spring-lang-3.0.xsd=org/springframework/scripting/config/spring-lang-3.0.xsd, http://www.springframework.org/schema/lang/spring-lang-2.0.xsd=org/springframework/scripting/config/spring-lang-2.0.xsd, http://www.springframework.org/schema/jdbc/spring-jdbc-3.0.xsd=org/springframework/jdbc/config/spring-jdbc-3.0.xsd, http://www.springframework.org/schema/util/spring-util.xsd=org/springframework/beans/factory/xml/spring-util-3.0.xsd}
2013-01-09 09:39:48,248 DEBUG [PluggableSchemaResolver]: Found XML schema [http://www.springframework.org/schema/beans/spring-beans-2.0.xsd] in classpath: org/springframework/beans/factory/xml/spring-beans-2.0.xsd
2013-01-09 09:39:48,328 DEBUG [PluggableSchemaResolver]: Trying to resolve XML entity with public id [null] and system id [http://www.springframework.org/schema/aop/spring-aop-2.5.xsd]
2013-01-09 09:39:48,329 DEBUG [PluggableSchemaResolver]: Found XML schema [http://www.springframework.org/schema/aop/spring-aop-2.5.xsd] in classpath: org/springframework/aop/config/spring-aop-2.5.xsd
2013-01-09 09:39:48,340 DEBUG [PluggableSchemaResolver]: Trying to resolve XML entity with public id [null] and system id [http://www.springframework.org/schema/tool/spring-tool-2.5.xsd]
2013-01-09 09:39:48,341 DEBUG [PluggableSchemaResolver]: Found XML schema [http://www.springframework.org/schema/tool/spring-tool-2.5.xsd] in classpath: org/springframework/beans/factory/xml/spring-tool-2.5.xsd
2013-01-09 09:39:48,353 DEBUG [PluggableSchemaResolver]: Trying to resolve XML entity with public id [null] and system id [http://www.springframework.org/schema/tx/spring-tx-2.5.xsd]
2013-01-09 09:39:48,354 DEBUG [PluggableSchemaResolver]: Found XML schema [http://www.springframework.org/schema/tx/spring-tx-2.5.xsd] in classpath: org/springframework/transaction/config/spring-tx-2.5.xsd
2013-01-09 09:39:48,367 DEBUG [PluggableSchemaResolver]: Trying to resolve XML entity with public id [null] and system id [http://www.springframework.org/schema/util/spring-util-2.0.xsd]
2013-01-09 09:39:48,367 DEBUG [PluggableSchemaResolver]: Found XML schema [http://www.springframework.org/schema/util/spring-util-2.0.xsd] in classpath: org/springframework/beans/factory/xml/spring-util-2.0.xsd
2013-01-09 09:39:48,387 DEBUG [DefaultBeanDefinitionDocumentReader]: Loading bean definitions
2013-01-09 09:39:48,422 DEBUG [DefaultNamespaceHandlerResolver]: Loaded NamespaceHandler mappings: {http://www.springframework.org/schema/p=org.springframework.beans.factory.xml.SimplePropertyNamespaceHandler, http://www.springframework.org/schema/util=org.springframework.beans.factory.xml.UtilNamespaceHandler, http://www.springframework.org/schema/jee=org.springframework.ejb.config.JeeNamespaceHandler, http://www.springframework.org/schema/aop=org.springframework.aop.config.AopNamespaceHandler, http://www.springframework.org/schema/jdbc=org.springframework.jdbc.config.JdbcNamespaceHandler, http://www.springframework.org/schema/tx=org.springframework.transaction.config.TxNamespaceHandler, http://www.springframework.org/schema/task=org.springframework.scheduling.config.TaskNamespaceHandler, http://www.springframework.org/schema/lang=org.springframework.scripting.config.LangNamespaceHandler, http://www.springframework.org/schema/context=org.springframework.context.config.ContextNamespaceHandler}
2013-01-09 09:39:48,475 DEBUG [XmlBeanDefinitionReader]: Loaded 17 bean definitions from location pattern [classpath:/twitterContext.xml]
2013-01-09 09:39:48,475 INFO  [XmlBeanDefinitionReader]: Loading XML bean definitions from class path resource [com/nayidisha/twitter/service/test/AbstractTwitterTests-context.xml]
2013-01-09 09:39:48,477 DEBUG [DefaultDocumentLoader]: Using JAXP provider [com.sun.org.apache.xerces.internal.jaxp.DocumentBuilderFactoryImpl]
2013-01-09 09:39:48,478 DEBUG [PluggableSchemaResolver]: Trying to resolve XML entity with public id [null] and system id [http://www.springframework.org/schema/beans/spring-beans.xsd]
2013-01-09 09:39:48,478 DEBUG [PluggableSchemaResolver]: Found XML schema [http://www.springframework.org/schema/beans/spring-beans.xsd] in classpath: org/springframework/beans/factory/xml/spring-beans-3.0.xsd
2013-01-09 09:39:48,502 DEBUG [PluggableSchemaResolver]: Trying to resolve XML entity with public id [null] and system id [http://www.springframework.org/schema/context/spring-context.xsd]
2013-01-09 09:39:48,503 DEBUG [PluggableSchemaResolver]: Found XML schema [http://www.springframework.org/schema/context/spring-context.xsd] in classpath: org/springframework/context/config/spring-context-3.0.xsd
2013-01-09 09:39:48,510 DEBUG [PluggableSchemaResolver]: Trying to resolve XML entity with public id [null] and system id [http://www.springframework.org/schema/tool/spring-tool-3.0.xsd]
2013-01-09 09:39:48,511 DEBUG [PluggableSchemaResolver]: Found XML schema [http://www.springframework.org/schema/tool/spring-tool-3.0.xsd] in classpath: org/springframework/beans/factory/xml/spring-tool-3.0.xsd
2013-01-09 09:39:48,518 DEBUG [PluggableSchemaResolver]: Trying to resolve XML entity with public id [null] and system id [http://www.springframework.org/schema/tx/spring-tx.xsd]
2013-01-09 09:39:48,519 DEBUG [PluggableSchemaResolver]: Found XML schema [http://www.springframework.org/schema/tx/spring-tx.xsd] in classpath: org/springframework/transaction/config/spring-tx-3.0.xsd
2013-01-09 09:39:48,527 DEBUG [DefaultBeanDefinitionDocumentReader]: Loading bean definitions
2013-01-09 09:39:48,551 DEBUG [XmlBeanDefinitionReader]: Loaded 6 bean definitions from location pattern [classpath:/com/nayidisha/twitter/service/test/AbstractTwitterTests-context.xml]
2013-01-09 09:39:48,556 INFO  [GenericApplicationContext]: Refreshing org.springframework.context.support.GenericApplicationContext@42472d48: startup date [Wed Jan 09 09:39:48 EST 2013]; root of context hierarchy
2013-01-09 09:39:48,556 DEBUG [GenericApplicationContext]: Bean factory for org.springframework.context.support.GenericApplicationContext@42472d48: org.springframework.beans.factory.support.DefaultListableBeanFactory@538d7ace: defining beans [twitterService,campaignService,schedulerService,quartzScheduler,twitterDAO,campaignDAO,myTxManager,org.springframework.aop.config.internalAutoProxyCreator,campaignServiceMethods,org.springframework.aop.support.DefaultBeanFactoryPointcutAdvisor#0,txAdvice,myDataSource,twitterMappingResources,mappingResources,mySessionFactory,propertyConfigurer,auditInterceptor,org.springframework.beans.factory.config.PropertyPlaceholderConfigurer#0,org.springframework.context.annotation.internalConfigurationAnnotationProcessor,org.springframework.context.annotation.internalAutowiredAnnotationProcessor,org.springframework.context.annotation.internalRequiredAnnotationProcessor,org.springframework.context.annotation.internalCommonAnnotationProcessor,org.springframework.transaction.interceptor.TransactionAttributeSourceAdvisor#0]; root of factory hierarchy
2013-01-09 09:39:48,601 DEBUG [DefaultListableBeanFactory]: Creating shared instance of singleton bean 'org.springframework.context.annotation.internalConfigurationAnnotationProcessor'
2013-01-09 09:39:48,601 DEBUG [DefaultListableBeanFactory]: Creating instance of bean 'org.springframework.context.annotation.internalConfigurationAnnotationProcessor'
2013-01-09 09:39:48,633 DEBUG [DefaultListableBeanFactory]: Eagerly caching bean 'org.springframework.context.annotation.internalConfigurationAnnotationProcessor' to allow for resolving potential circular references
2013-01-09 09:39:48,634 DEBUG [DefaultListableBeanFactory]: Finished creating instance of bean 'org.springframework.context.annotation.internalConfigurationAnnotationProcessor'
2013-01-09 09:39:48,745 DEBUG [DefaultListableBeanFactory]: Creating shared instance of singleton bean 'propertyConfigurer'
2013-01-09 09:39:48,745 DEBUG [DefaultListableBeanFactory]: Creating instance of bean 'propertyConfigurer'
2013-01-09 09:39:48,764 DEBUG [DefaultListableBeanFactory]: Eagerly caching bean 'propertyConfigurer' to allow for resolving potential circular references
2013-01-09 09:39:48,822 DEBUG [CachedIntrospectionResults]: Getting BeanInfo for class [org.springframework.beans.factory.config.PropertyPlaceholderConfigurer]
2013-01-09 09:39:48,829 DEBUG [CachedIntrospectionResults]: Caching PropertyDescriptors for class [org.springframework.beans.factory.config.PropertyPlaceholderConfigurer]
2013-01-09 09:39:48,829 DEBUG [CachedIntrospectionResults]: Found bean property 'beanFactory' of type [org.springframework.beans.factory.BeanFactory]
2013-01-09 09:39:48,831 DEBUG [CachedIntrospectionResults]: Found bean property 'beanName' of type [java.lang.String]
2013-01-09 09:39:48,831 DEBUG [CachedIntrospectionResults]: Found bean property 'class' of type [java.lang.Class]
2013-01-09 09:39:48,831 DEBUG [CachedIntrospectionResults]: Found bean property 'fileEncoding' of type [java.lang.String]
2013-01-09 09:39:48,832 DEBUG [CachedIntrospectionResults]: Found bean property 'ignoreResourceNotFound' of type [boolean]
2013-01-09 09:39:48,841 DEBUG [CachedIntrospectionResults]: Found bean property 'ignoreUnresolvablePlaceholders' of type [boolean]
2013-01-09 09:39:48,841 DEBUG [CachedIntrospectionResults]: Found bean property 'localOverride' of type [boolean]
2013-01-09 09:39:48,841 DEBUG [CachedIntrospectionResults]: Found bean property 'location' of type [org.springframework.core.io.Resource]
2013-01-09 09:39:48,841 DEBUG [CachedIntrospectionResults]: Found bean property 'locations' of type [[Lorg.springframework.core.io.Resource;]
2013-01-09 09:39:48,841 DEBUG [CachedIntrospectionResults]: Found bean property 'nullValue' of type [java.lang.String]
2013-01-09 09:39:48,841 DEBUG [CachedIntrospectionResults]: Found bean property 'order' of type [int]
2013-01-09 09:39:48,841 DEBUG [CachedIntrospectionResults]: Found bean property 'placeholderPrefix' of type [java.lang.String]
2013-01-09 09:39:48,841 DEBUG [CachedIntrospectionResults]: Found bean property 'placeholderSuffix' of type [java.lang.String]
2013-01-09 09:39:48,841 DEBUG [CachedIntrospectionResults]: Found bean property 'properties' of type [java.util.Properties]
2013-01-09 09:39:48,842 DEBUG [CachedIntrospectionResults]: Found bean property 'propertiesArray' of type [[Ljava.util.Properties;]
2013-01-09 09:39:48,842 DEBUG [CachedIntrospectionResults]: Found bean property 'propertiesPersister' of type [org.springframework.util.PropertiesPersister]
2013-01-09 09:39:48,842 DEBUG [CachedIntrospectionResults]: Found bean property 'searchSystemEnvironment' of type [boolean]
2013-01-09 09:39:48,843 DEBUG [CachedIntrospectionResults]: Found bean property 'systemPropertiesMode' of type [int]
2013-01-09 09:39:48,843 DEBUG [CachedIntrospectionResults]: Found bean property 'systemPropertiesModeName' of type [java.lang.String]
2013-01-09 09:39:48,843 DEBUG [CachedIntrospectionResults]: Found bean property 'valueSeparator' of type [java.lang.String]
2013-01-09 09:39:48,874 DEBUG [TypeConverterDelegate]: Converting String to [boolean] using property editor [org.springframework.beans.propertyeditors.CustomBooleanEditor@83e96cf]
2013-01-09 09:39:48,874 DEBUG [DefaultListableBeanFactory]: Finished creating instance of bean 'propertyConfigurer'
2013-01-09 09:39:48,875 DEBUG [DefaultListableBeanFactory]: Creating shared instance of singleton bean 'org.springframework.beans.factory.config.PropertyPlaceholderConfigurer#0'
2013-01-09 09:39:48,875 DEBUG [DefaultListableBeanFactory]: Creating instance of bean 'org.springframework.beans.factory.config.PropertyPlaceholderConfigurer#0'
2013-01-09 09:39:48,875 DEBUG [DefaultListableBeanFactory]: Eagerly caching bean 'org.springframework.beans.factory.config.PropertyPlaceholderConfigurer#0' to allow for resolving potential circular references
2013-01-09 09:39:48,875 DEBUG [DefaultListableBeanFactory]: Finished creating instance of bean 'org.springframework.beans.factory.config.PropertyPlaceholderConfigurer#0'
2013-01-09 09:39:48,875 INFO  [PropertyPlaceholderConfigurer]: Loading properties file from class path resource [service.properties]
2013-01-09 09:39:48,880 DEBUG [PropertyPlaceholderHelper]: Resolved placeholder 'twitterUserId'
2013-01-09 09:39:48,880 DEBUG [PropertyPlaceholderHelper]: Resolved placeholder 'twitterPassword'
2013-01-09 09:39:48,881 DEBUG [PropertyPlaceholderHelper]: Resolved placeholder 'db.driver.class'
2013-01-09 09:39:48,881 INFO  [PropertyPlaceholderConfigurer]: Loading properties file from class path resource [service.properties]
2013-01-09 09:39:48,886 DEBUG [DefaultListableBeanFactory]: Creating shared instance of singleton bean 'org.springframework.context.annotation.internalAutowiredAnnotationProcessor'
2013-01-09 09:39:48,886 DEBUG [DefaultListableBeanFactory]: Creating instance of bean 'org.springframework.context.annotation.internalAutowiredAnnotationProcessor'
2013-01-09 09:39:48,886 DEBUG [DefaultListableBeanFactory]: Eagerly caching bean 'org.springframework.context.annotation.internalAutowiredAnnotationProcessor' to allow for resolving potential circular references
2013-01-09 09:39:48,886 DEBUG [DefaultListableBeanFactory]: Finished creating instance of bean 'org.springframework.context.annotation.internalAutowiredAnnotationProcessor'
2013-01-09 09:39:48,887 DEBUG [DefaultListableBeanFactory]: Creating shared instance of singleton bean 'org.springframework.context.annotation.internalRequiredAnnotationProcessor'
2013-01-09 09:39:48,887 DEBUG [DefaultListableBeanFactory]: Creating instance of bean 'org.springframework.context.annotation.internalRequiredAnnotationProcessor'
2013-01-09 09:39:48,887 DEBUG [DefaultListableBeanFactory]: Eagerly caching bean 'org.springframework.context.annotation.internalRequiredAnnotationProcessor' to allow for resolving potential circular references
2013-01-09 09:39:48,887 DEBUG [DefaultListableBeanFactory]: Finished creating instance of bean 'org.springframework.context.annotation.internalRequiredAnnotationProcessor'
2013-01-09 09:39:48,887 DEBUG [DefaultListableBeanFactory]: Creating shared instance of singleton bean 'org.springframework.context.annotation.internalCommonAnnotationProcessor'
2013-01-09 09:39:48,887 DEBUG [DefaultListableBeanFactory]: Creating instance of bean 'org.springframework.context.annotation.internalCommonAnnotationProcessor'
2013-01-09 09:39:48,938 DEBUG [DefaultListableBeanFactory]: Eagerly caching bean 'org.springframework.context.annotation.internalCommonAnnotationProcessor' to allow for resolving potential circular references
2013-01-09 09:39:48,938 DEBUG [DefaultListableBeanFactory]: Finished creating instance of bean 'org.springframework.context.annotation.internalCommonAnnotationProcessor'
2013-01-09 09:39:48,938 DEBUG [DefaultListableBeanFactory]: Creating shared instance of singleton bean 'org.springframework.aop.config.internalAutoProxyCreator'
2013-01-09 09:39:48,938 DEBUG [DefaultListableBeanFactory]: Creating instance of bean 'org.springframework.aop.config.internalAutoProxyCreator'
2013-01-09 09:39:48,982 DEBUG [DefaultListableBeanFactory]: Eagerly caching bean 'org.springframework.aop.config.internalAutoProxyCreator' to allow for resolving potential circular references
2013-01-09 09:39:48,982 DEBUG [CachedIntrospectionResults]: Getting BeanInfo for class [org.springframework.aop.aspectj.autoproxy.AspectJAwareAdvisorAutoProxyCreator]
2013-01-09 09:39:49,021 DEBUG [CachedIntrospectionResults]: Caching PropertyDescriptors for class [org.springframework.aop.aspectj.autoproxy.AspectJAwareAdvisorAutoProxyCreator]
2013-01-09 09:39:49,021 DEBUG [CachedIntrospectionResults]: Found bean property 'advisorAdapterRegistry' of type [org.springframework.aop.framework.adapter.AdvisorAdapterRegistry]
2013-01-09 09:39:49,021 DEBUG [CachedIntrospectionResults]: Found bean property 'applyCommonInterceptorsFirst' of type [boolean]
2013-01-09 09:39:49,022 DEBUG [CachedIntrospectionResults]: Found bean property 'beanClassLoader' of type [java.lang.ClassLoader]
2013-01-09 09:39:49,022 DEBUG [CachedIntrospectionResults]: Found bean property 'beanFactory' of type [org.springframework.beans.factory.BeanFactory]
2013-01-09 09:39:49,022 DEBUG [CachedIntrospectionResults]: Found bean property 'class' of type [java.lang.Class]
2013-01-09 09:39:49,022 DEBUG [CachedIntrospectionResults]: Found bean property 'customTargetSourceCreators' of type [[Lorg.springframework.aop.framework.autoproxy.TargetSourceCreator;]
2013-01-09 09:39:49,022 DEBUG [CachedIntrospectionResults]: Found bean property 'exposeProxy' of type [boolean]
2013-01-09 09:39:49,022 DEBUG [CachedIntrospectionResults]: Found bean property 'frozen' of type [boolean]
2013-01-09 09:39:49,022 DEBUG [CachedIntrospectionResults]: Found bean property 'interceptorNames' of type [[Ljava.lang.String;]
2013-01-09 09:39:49,022 DEBUG [CachedIntrospectionResults]: Found bean property 'opaque' of type [boolean]
2013-01-09 09:39:49,022 DEBUG [CachedIntrospectionResults]: Found bean property 'optimize' of type [boolean]
2013-01-09 09:39:49,022 DEBUG [CachedIntrospectionResults]: Found bean property 'order' of type [int]
2013-01-09 09:39:49,022 DEBUG [CachedIntrospectionResults]: Found bean property 'proxyClassLoader' of type [java.lang.ClassLoader]
2013-01-09 09:39:49,022 DEBUG [CachedIntrospectionResults]: Found bean property 'proxyTargetClass' of type [boolean]
2013-01-09 09:39:49,029 DEBUG [DefaultListableBeanFactory]: Finished creating instance of bean 'org.springframework.aop.config.internalAutoProxyCreator'
2013-01-09 09:39:49,033 DEBUG [GenericApplicationContext]: Unable to locate MessageSource with name 'messageSource': using default [org.springframework.context.support.DelegatingMessageSource@51e67ac]
2013-01-09 09:39:49,037 DEBUG [GenericApplicationContext]: Unable to locate ApplicationEventMulticaster with name 'applicationEventMulticaster': using default [org.springframework.context.event.SimpleApplicationEventMulticaster@2330633a]
2013-01-09 09:39:49,041 INFO  [DefaultListableBeanFactory]: Pre-instantiating singletons in org.springframework.beans.factory.support.DefaultListableBeanFactory@538d7ace: defining beans [twitterService,campaignService,schedulerService,quartzScheduler,twitterDAO,campaignDAO,myTxManager,org.springframework.aop.config.internalAutoProxyCreator,campaignServiceMethods,org.springframework.aop.support.DefaultBeanFactoryPointcutAdvisor#0,txAdvice,myDataSource,twitterMappingResources,mappingResources,mySessionFactory,propertyConfigurer,auditInterceptor,org.springframework.beans.factory.config.PropertyPlaceholderConfigurer#0,org.springframework.context.annotation.internalConfigurationAnnotationProcessor,org.springframework.context.annotation.internalAutowiredAnnotationProcessor,org.springframework.context.annotation.internalRequiredAnnotationProcessor,org.springframework.context.annotation.internalCommonAnnotationProcessor,org.springframework.transaction.interceptor.TransactionAttributeSourceAdvisor#0]; root of factory hierarchy
2013-01-09 09:39:49,041 DEBUG [DefaultListableBeanFactory]: Creating shared instance of singleton bean 'twitterService'
2013-01-09 09:39:49,041 DEBUG [DefaultListableBeanFactory]: Creating instance of bean 'twitterService'
2013-01-09 09:39:49,043 DEBUG [DefaultListableBeanFactory]: Creating shared instance of singleton bean 'org.springframework.aop.support.DefaultBeanFactoryPointcutAdvisor#0'
2013-01-09 09:39:49,043 DEBUG [DefaultListableBeanFactory]: Creating instance of bean 'org.springframework.aop.support.DefaultBeanFactoryPointcutAdvisor#0'
2013-01-09 09:39:49,043 DEBUG [AspectJAwareAdvisorAutoProxyCreator]: Did not attempt to auto-proxy infrastructure class [org.springframework.aop.support.DefaultBeanFactoryPointcutAdvisor]
2013-01-09 09:39:49,045 DEBUG [DefaultListableBeanFactory]: Eagerly caching bean 'org.springframework.aop.support.DefaultBeanFactoryPointcutAdvisor#0' to allow for resolving potential circular references
2013-01-09 09:39:49,045 DEBUG [CachedIntrospectionResults]: Getting BeanInfo for class [org.springframework.aop.support.DefaultBeanFactoryPointcutAdvisor]
2013-01-09 09:39:49,048 DEBUG [CachedIntrospectionResults]: Caching PropertyDescriptors for class [org.springframework.aop.support.DefaultBeanFactoryPointcutAdvisor]
2013-01-09 09:39:49,049 DEBUG [CachedIntrospectionResults]: Found bean property 'advice' of type [org.aopalliance.aop.Advice]
2013-01-09 09:39:49,049 DEBUG [CachedIntrospectionResults]: Found bean property 'adviceBeanName' of type [java.lang.String]
2013-01-09 09:39:49,049 DEBUG [CachedIntrospectionResults]: Found bean property 'beanFactory' of type [org.springframework.beans.factory.BeanFactory]
2013-01-09 09:39:49,049 DEBUG [CachedIntrospectionResults]: Found bean property 'class' of type [java.lang.Class]
2013-01-09 09:39:49,049 DEBUG [CachedIntrospectionResults]: Found bean property 'order' of type [int]
2013-01-09 09:39:49,049 DEBUG [CachedIntrospectionResults]: Found bean property 'perInstance' of type [boolean]
2013-01-09 09:39:49,049 DEBUG [CachedIntrospectionResults]: Found bean property 'pointcut' of type [org.springframework.aop.Pointcut]
2013-01-09 09:39:49,049 DEBUG [DefaultListableBeanFactory]: Creating instance of bean 'campaignServiceMethods'
2013-01-09 09:39:49,140 DEBUG [CachedIntrospectionResults]: Getting BeanInfo for class [org.springframework.aop.aspectj.AspectJExpressionPointcut]
2013-01-09 09:39:49,143 DEBUG [CachedIntrospectionResults]: Caching PropertyDescriptors for class [org.springframework.aop.aspectj.AspectJExpressionPointcut]
2013-01-09 09:39:49,143 DEBUG [CachedIntrospectionResults]: Found bean property 'beanFactory' of type [org.springframework.beans.factory.BeanFactory]
2013-01-09 09:39:49,144 DEBUG [CachedIntrospectionResults]: Found bean property 'class' of type [java.lang.Class]
2013-01-09 09:39:49,144 DEBUG [CachedIntrospectionResults]: Found bean property 'classFilter' of type [org.springframework.aop.ClassFilter]
2013-01-09 09:39:49,144 DEBUG [CachedIntrospectionResults]: Found bean property 'expression' of type [java.lang.String]
2013-01-09 09:39:49,144 DEBUG [CachedIntrospectionResults]: Found bean property 'location' of type [java.lang.String]
2013-01-09 09:39:49,144 DEBUG [CachedIntrospectionResults]: Found bean property 'methodMatcher' of type [org.springframework.aop.MethodMatcher]
2013-01-09 09:39:49,144 DEBUG [CachedIntrospectionResults]: Found bean property 'parameterNames' of type [[Ljava.lang.String;]
2013-01-09 09:39:49,144 DEBUG [CachedIntrospectionResults]: Found bean property 'parameterTypes' of type [[Ljava.lang.Class;]
2013-01-09 09:39:49,144 DEBUG [CachedIntrospectionResults]: Found bean property 'pointcutDeclarationScope' of type [java.lang.Class]
2013-01-09 09:39:49,144 DEBUG [CachedIntrospectionResults]: Found bean property 'pointcutExpression' of type [org.aspectj.weaver.tools.PointcutExpression]
2013-01-09 09:39:49,144 DEBUG [CachedIntrospectionResults]: Found bean property 'runtime' of type [boolean]
2013-01-09 09:39:49,145 DEBUG [DefaultListableBeanFactory]: Finished creating instance of bean 'campaignServiceMethods'
2013-01-09 09:39:49,145 DEBUG [DefaultListableBeanFactory]: Finished creating instance of bean 'org.springframework.aop.support.DefaultBeanFactoryPointcutAdvisor#0'
2013-01-09 09:39:49,145 DEBUG [DefaultListableBeanFactory]: Creating shared instance of singleton bean 'org.springframework.transaction.interceptor.TransactionAttributeSourceAdvisor#0'
2013-01-09 09:39:49,145 DEBUG [DefaultListableBeanFactory]: Creating instance of bean 'org.springframework.transaction.interceptor.TransactionAttributeSourceAdvisor#0'
2013-01-09 09:39:49,145 DEBUG [AspectJAwareAdvisorAutoProxyCreator]: Did not attempt to auto-proxy infrastructure class [org.springframework.transaction.interceptor.TransactionAttributeSourceAdvisor]
2013-01-09 09:39:49,148 DEBUG [DefaultListableBeanFactory]: Eagerly caching bean 'org.springframework.transaction.interceptor.TransactionAttributeSourceAdvisor#0' to allow for resolving potential circular references
2013-01-09 09:39:49,148 DEBUG [CachedIntrospectionResults]: Getting BeanInfo for class [org.springframework.transaction.interceptor.TransactionAttributeSourceAdvisor]
2013-01-09 09:39:49,150 DEBUG [CachedIntrospectionResults]: Caching PropertyDescriptors for class [org.springframework.transaction.interceptor.TransactionAttributeSourceAdvisor]
2013-01-09 09:39:49,150 DEBUG [CachedIntrospectionResults]: Found bean property 'advice' of type [org.aopalliance.aop.Advice]
2013-01-09 09:39:49,150 DEBUG [CachedIntrospectionResults]: Found bean property 'class' of type [java.lang.Class]
2013-01-09 09:39:49,151 DEBUG [CachedIntrospectionResults]: Found bean property 'classFilter' of type [org.springframework.aop.ClassFilter]
2013-01-09 09:39:49,151 DEBUG [CachedIntrospectionResults]: Found bean property 'order' of type [int]
2013-01-09 09:39:49,151 DEBUG [CachedIntrospectionResults]: Found bean property 'perInstance' of type [boolean]
2013-01-09 09:39:49,151 DEBUG [CachedIntrospectionResults]: Found bean property 'pointcut' of type [org.springframework.aop.Pointcut]
2013-01-09 09:39:49,151 DEBUG [CachedIntrospectionResults]: Found bean property 'transactionInterceptor' of type [org.springframework.transaction.interceptor.TransactionInterceptor]
2013-01-09 09:39:49,151 DEBUG [DefaultListableBeanFactory]: Creating instance of bean '(inner bean)'
2013-01-09 09:39:49,151 DEBUG [AspectJAwareAdvisorAutoProxyCreator]: Did not attempt to auto-proxy infrastructure class [org.springframework.transaction.interceptor.TransactionInterceptor]
2013-01-09 09:39:49,153 DEBUG [CachedIntrospectionResults]: Getting BeanInfo for class [org.springframework.transaction.interceptor.TransactionInterceptor]
2013-01-09 09:39:49,156 DEBUG [CachedIntrospectionResults]: Caching PropertyDescriptors for class [org.springframework.transaction.interceptor.TransactionInterceptor]
2013-01-09 09:39:49,156 DEBUG [CachedIntrospectionResults]: Found bean property 'class' of type [java.lang.Class]
2013-01-09 09:39:49,157 DEBUG [CachedIntrospectionResults]: Found bean property 'transactionAttributeSource' of type [org.springframework.transaction.interceptor.TransactionAttributeSource]
2013-01-09 09:39:49,157 DEBUG [CachedIntrospectionResults]: Found bean property 'transactionAttributeSources' of type [[Lorg.springframework.transaction.interceptor.TransactionAttributeSource;]
2013-01-09 09:39:49,157 DEBUG [CachedIntrospectionResults]: Found bean property 'transactionAttributes' of type [java.util.Properties]
2013-01-09 09:39:49,157 DEBUG [CachedIntrospectionResults]: Found bean property 'transactionManager' of type [org.springframework.transaction.PlatformTransactionManager]
2013-01-09 09:39:49,157 DEBUG [DefaultListableBeanFactory]: No bean named 'transactionManager' found in org.springframework.beans.factory.support.DefaultListableBeanFactory@538d7ace: defining beans [twitterService,campaignService,schedulerService,quartzScheduler,twitterDAO,campaignDAO,myTxManager,org.springframework.aop.config.internalAutoProxyCreator,campaignServiceMethods,org.springframework.aop.support.DefaultBeanFactoryPointcutAdvisor#0,txAdvice,myDataSource,twitterMappingResources,mappingResources,mySessionFactory,propertyConfigurer,auditInterceptor,org.springframework.beans.factory.config.PropertyPlaceholderConfigurer#0,org.springframework.context.annotation.internalConfigurationAnnotationProcessor,org.springframework.context.annotation.internalAutowiredAnnotationProcessor,org.springframework.context.annotation.internalRequiredAnnotationProcessor,org.springframework.context.annotation.internalCommonAnnotationProcessor,org.springframework.transaction.interceptor.TransactionAttributeSourceAdvisor#0]; root of factory hierarchy
2013-01-09 09:39:49,159 INFO  [DefaultListableBeanFactory]: Destroying singletons in org.springframework.beans.factory.support.DefaultListableBeanFactory@538d7ace: defining beans [twitterService,campaignService,schedulerService,quartzScheduler,twitterDAO,campaignDAO,myTxManager,org.springframework.aop.config.internalAutoProxyCreator,campaignServiceMethods,org.springframework.aop.support.DefaultBeanFactoryPointcutAdvisor#0,txAdvice,myDataSource,twitterMappingResources,mappingResources,mySessionFactory,propertyConfigurer,auditInterceptor,org.springframework.beans.factory.config.PropertyPlaceholderConfigurer#0,org.springframework.context.annotation.internalConfigurationAnnotationProcessor,org.springframework.context.annotation.internalAutowiredAnnotationProcessor,org.springframework.context.annotation.internalRequiredAnnotationProcessor,org.springframework.context.annotation.internalCommonAnnotationProcessor,org.springframework.transaction.interceptor.TransactionAttributeSourceAdvisor#0]; root of factory hierarchy
2013-01-09 09:39:49,160 WARN  [TestContextManager]: Caught exception while allowing TestExecutionListener [com.nayidisha.testing.TwitterTestExecutionListener@6bffc686] to process 'before class' callback for test class [class com.nayidisha.twitter.service.test.CampaignServiceTest]
java.lang.IllegalStateException: Failed to load ApplicationContext
	at org.springframework.test.context.TestContext.getApplicationContext(TestContext.java:308)
	at com.nayidisha.testing.TwitterTestExecutionListener.beforeTestClass(TwitterTestExecutionListener.java:26)
	at org.springframework.test.context.TestContextManager.beforeTestClass(TestContextManager.java:295)
	at org.springframework.test.context.junit4.statements.RunBeforeTestClassCallbacks.evaluate(RunBeforeTestClassCallbacks.java:60)
	at org.springframework.test.context.junit4.statements.RunAfterTestClassCallbacks.evaluate(RunAfterTestClassCallbacks.java:70)
	at org.junit.runners.ParentRunner.run(ParentRunner.java:236)
	at org.springframework.test.context.junit4.SpringJUnit4ClassRunner.run(SpringJUnit4ClassRunner.java:180)
	at org.apache.maven.surefire.junit4.JUnit4TestSet.execute(JUnit4TestSet.java:35)
	at org.apache.maven.surefire.junit4.JUnit4Provider.executeTestSet(JUnit4Provider.java:115)
	at org.apache.maven.surefire.junit4.JUnit4Provider.invoke(JUnit4Provider.java:97)
	at sun.reflect.NativeMethodAccessorImpl.invoke0(Native Method)
	at sun.reflect.NativeMethodAccessorImpl.invoke(NativeMethodAccessorImpl.java:39)
	at sun.reflect.DelegatingMethodAccessorImpl.invoke(DelegatingMethodAccessorImpl.java:25)
	at java.lang.reflect.Method.invoke(Method.java:597)
	at org.apache.maven.surefire.booter.ProviderFactory$ClassLoaderProxy.invoke(ProviderFactory.java:103)
	at $Proxy0.invoke(Unknown Source)
	at org.apache.maven.surefire.booter.SurefireStarter.invokeProvider(SurefireStarter.java:150)
	at org.apache.maven.surefire.booter.SurefireStarter.runSuitesInProcess(SurefireStarter.java:91)
	at org.apache.maven.surefire.booter.ForkedBooter.main(ForkedBooter.java:69)
Caused by: org.springframework.beans.factory.BeanCreationException: Error creating bean with name 'twitterService' defined in class path resource [twitterContext.xml]: BeanPostProcessor before instantiation of bean failed; nested exception is org.springframework.beans.factory.BeanCreationException: Error creating bean with name 'org.springframework.transaction.interceptor.TransactionAttributeSourceAdvisor#0': Cannot create inner bean '(inner bean)' of type [org.springframework.transaction.interceptor.TransactionInterceptor] while setting bean property 'transactionInterceptor'; nested exception is org.springframework.beans.factory.BeanCreationException: Error creating bean with name '(inner bean)': Cannot resolve reference to bean 'transactionManager' while setting bean property 'transactionManager'; nested exception is org.springframework.beans.factory.NoSuchBeanDefinitionException: No bean named 'transactionManager' is defined
	at org.springframework.beans.factory.support.AbstractAutowireCapableBeanFactory.createBean(AbstractAutowireCapableBeanFactory.java:452)
	at org.springframework.beans.factory.support.AbstractBeanFactory$1.getObject(AbstractBeanFactory.java:291)
	at org.springframework.beans.factory.support.DefaultSingletonBeanRegistry.getSingleton(DefaultSingletonBeanRegistry.java:222)
	at org.springframework.beans.factory.support.AbstractBeanFactory.doGetBean(AbstractBeanFactory.java:288)
	at org.springframework.beans.factory.support.AbstractBeanFactory.getBean(AbstractBeanFactory.java:190)
	at org.springframework.beans.factory.support.DefaultListableBeanFactory.preInstantiateSingletons(DefaultListableBeanFactory.java:580)
	at org.springframework.context.support.AbstractApplicationContext.finishBeanFactoryInitialization(AbstractApplicationContext.java:895)
	at org.springframework.context.support.AbstractApplicationContext.refresh(AbstractApplicationContext.java:425)
	at org.springframework.test.context.support.AbstractGenericContextLoader.loadContext(AbstractGenericContextLoader.java:84)
	at org.springframework.test.context.support.AbstractGenericContextLoader.loadContext(AbstractGenericContextLoader.java:1)
	at org.springframework.test.context.TestContext.loadApplicationContext(TestContext.java:280)
	at org.springframework.test.context.TestContext.getApplicationContext(TestContext.java:304)
	... 18 more
Caused by: org.springframework.beans.factory.BeanCreationException: Error creating bean with name 'org.springframework.transaction.interceptor.TransactionAttributeSourceAdvisor#0': Cannot create inner bean '(inner bean)' of type [org.springframework.transaction.interceptor.TransactionInterceptor] while setting bean property 'transactionInterceptor'; nested exception is org.springframework.beans.factory.BeanCreationException: Error creating bean with name '(inner bean)': Cannot resolve reference to bean 'transactionManager' while setting bean property 'transactionManager'; nested exception is org.springframework.beans.factory.NoSuchBeanDefinitionException: No bean named 'transactionManager' is defined
	at org.springframework.beans.factory.support.BeanDefinitionValueResolver.resolveInnerBean(BeanDefinitionValueResolver.java:281)
	at org.springframework.beans.factory.support.BeanDefinitionValueResolver.resolveValueIfNecessary(BeanDefinitionValueResolver.java:125)
	at org.springframework.beans.factory.support.AbstractAutowireCapableBeanFactory.applyPropertyValues(AbstractAutowireCapableBeanFactory.java:1325)
	at org.springframework.beans.factory.support.AbstractAutowireCapableBeanFactory.populateBean(AbstractAutowireCapableBeanFactory.java:1086)
	at org.springframework.beans.factory.support.AbstractAutowireCapableBeanFactory.doCreateBean(AbstractAutowireCapableBeanFactory.java:517)
	at org.springframework.beans.factory.support.AbstractAutowireCapableBeanFactory.createBean(AbstractAutowireCapableBeanFactory.java:456)
	at org.springframework.beans.factory.support.AbstractBeanFactory$1.getObject(AbstractBeanFactory.java:291)
	at org.springframework.beans.factory.support.DefaultSingletonBeanRegistry.getSingleton(DefaultSingletonBeanRegistry.java:222)
	at org.springframework.beans.factory.support.AbstractBeanFactory.doGetBean(AbstractBeanFactory.java:288)
	at org.springframework.beans.factory.support.AbstractBeanFactory.getBean(AbstractBeanFactory.java:194)
	at org.springframework.aop.framework.autoproxy.BeanFactoryAdvisorRetrievalHelper.findAdvisorBeans(BeanFactoryAdvisorRetrievalHelper.java:86)
	at org.springframework.aop.framework.autoproxy.AbstractAdvisorAutoProxyCreator.findCandidateAdvisors(AbstractAdvisorAutoProxyCreator.java:100)
	at org.springframework.aop.aspectj.autoproxy.AspectJAwareAdvisorAutoProxyCreator.shouldSkip(AspectJAwareAdvisorAutoProxyCreator.java:107)
	at org.springframework.aop.framework.autoproxy.AbstractAutoProxyCreator.postProcessBeforeInstantiation(AbstractAutoProxyCreator.java:278)
	at org.springframework.beans.factory.support.AbstractAutowireCapableBeanFactory.applyBeanPostProcessorsBeforeInstantiation(AbstractAutowireCapableBeanFactory.java:848)
	at org.springframework.beans.factory.support.AbstractAutowireCapableBeanFactory.resolveBeforeInstantiation(AbstractAutowireCapableBeanFactory.java:820)
	at org.springframework.beans.factory.support.AbstractAutowireCapableBeanFactory.createBean(AbstractAutowireCapableBeanFactory.java:446)
	... 29 more
Caused by: org.springframework.beans.factory.BeanCreationException: Error creating bean with name '(inner bean)': Cannot resolve reference to bean 'transactionManager' while setting bean property 'transactionManager'; nested exception is org.springframework.beans.factory.NoSuchBeanDefinitionException: No bean named 'transactionManager' is defined
	at org.springframework.beans.factory.support.BeanDefinitionValueResolver.resolveReference(BeanDefinitionValueResolver.java:328)
	at org.springframework.beans.factory.support.BeanDefinitionValueResolver.resolveValueIfNecessary(BeanDefinitionValueResolver.java:106)
	at org.springframework.beans.factory.support.AbstractAutowireCapableBeanFactory.applyPropertyValues(AbstractAutowireCapableBeanFactory.java:1325)
	at org.springframework.beans.factory.support.AbstractAutowireCapableBeanFactory.populateBean(AbstractAutowireCapableBeanFactory.java:1086)
	at org.springframework.beans.factory.support.AbstractAutowireCapableBeanFactory.doCreateBean(AbstractAutowireCapableBeanFactory.java:517)
	at org.springframework.beans.factory.support.AbstractAutowireCapableBeanFactory.createBean(AbstractAutowireCapableBeanFactory.java:456)
	at org.springframework.beans.factory.support.BeanDefinitionValueResolver.resolveInnerBean(BeanDefinitionValueResolver.java:270)
	... 45 more
Caused by: org.springframework.beans.factory.NoSuchBeanDefinitionException: No bean named 'transactionManager' is defined
	at org.springframework.beans.factory.support.DefaultListableBeanFactory.getBeanDefinition(DefaultListableBeanFactory.java:527)
	at org.springframework.beans.factory.support.AbstractBeanFactory.getMergedLocalBeanDefinition(AbstractBeanFactory.java:1068)
	at org.springframework.beans.factory.support.AbstractBeanFactory.doGetBean(AbstractBeanFactory.java:274)
	at org.springframework.beans.factory.support.AbstractBeanFactory.getBean(AbstractBeanFactory.java:190)
	at org.springframework.beans.factory.support.BeanDefinitionValueResolver.resolveReference(BeanDefinitionValueResolver.java:322)
	... 51 more
2013-01-09 09:39:49,162 DEBUG [TestContextManager]: afterTestClass(): class [class com.nayidisha.twitter.service.test.CampaignServiceTest]
2013-01-09 09:39:49,164 DEBUG [DirtiesContextTestExecutionListener]: After test class: context [[TestContext@7564debb testClass = CampaignServiceTest, locations = array<String>['classpath:/twitterContext.xml', 'classpath:/com/nayidisha/twitter/service/test/AbstractTwitterTests-context.xml'], testInstance = [null], testMethod = [null], testException = [null]]], dirtiesContext [false].
2013-01-09 09:39:49,184 DEBUG [SpringJUnit4ClassRunner]: SpringJUnit4ClassRunner constructor called with [class com.nayidisha.twitter.service.test.TwitterServiceTest].
2013-01-09 09:39:49,184 DEBUG [TestContext]: Retrieved @ContextConfiguration [@org.springframework.test.context.ContextConfiguration(locations=[/twitterContext.xml, AbstractTwitterTests-context.xml], loader=interface org.springframework.test.context.ContextLoader, value=[], inheritLocations=true)] for class [class com.nayidisha.twitter.service.test.TwitterServiceTest]
2013-01-09 09:39:49,184 DEBUG [TestContext]: Processing ContextLoader for @ContextConfiguration [@org.springframework.test.context.ContextConfiguration(locations=[/twitterContext.xml, AbstractTwitterTests-context.xml], loader=interface org.springframework.test.context.ContextLoader, value=[], inheritLocations=true)] and declaring class [class com.nayidisha.twitter.service.test.AbstractTwitterTests]
2013-01-09 09:39:49,184 DEBUG [TestContext]: Using default ContextLoader class [org.springframework.test.context.support.GenericXmlContextLoader] for @ContextConfiguration [@org.springframework.test.context.ContextConfiguration(locations=[/twitterContext.xml, AbstractTwitterTests-context.xml], loader=interface org.springframework.test.context.ContextLoader, value=[], inheritLocations=true)] and class [class com.nayidisha.twitter.service.test.TwitterServiceTest]
2013-01-09 09:39:49,184 DEBUG [TestContext]: Retrieved @ContextConfiguration [@org.springframework.test.context.ContextConfiguration(locations=[/twitterContext.xml, AbstractTwitterTests-context.xml], loader=interface org.springframework.test.context.ContextLoader, value=[], inheritLocations=true)] for declaring class [class com.nayidisha.twitter.service.test.AbstractTwitterTests]
2013-01-09 09:39:49,184 DEBUG [TestContextManager]: Retrieved @TestExecutionListeners [@org.springframework.test.context.TestExecutionListeners(listeners=[], inheritListeners=true, value=[class com.nayidisha.testing.TwitterTestExecutionListener])] for declaring class [class com.nayidisha.twitter.service.test.TwitterServiceTest].
2013-01-09 09:39:49,185 DEBUG [TestContextManager]: Retrieved @TestExecutionListeners [@org.springframework.test.context.TestExecutionListeners(listeners=[], inheritListeners=true, value=[class org.springframework.test.context.transaction.TransactionalTestExecutionListener])] for declaring class [class org.springframework.test.context.junit4.AbstractTransactionalJUnit4SpringContextTests].
2013-01-09 09:39:49,185 DEBUG [TestContextManager]: Retrieved @TestExecutionListeners [@org.springframework.test.context.TestExecutionListeners(listeners=[], inheritListeners=true, value=[class org.springframework.test.context.support.DependencyInjectionTestExecutionListener, class org.springframework.test.context.support.DirtiesContextTestExecutionListener])] for declaring class [class org.springframework.test.context.junit4.AbstractJUnit4SpringContextTests].
2013-01-09 09:39:49,186 DEBUG [TestContextManager]: Registering TestExecutionListener [org.springframework.test.context.support.DependencyInjectionTestExecutionListener@44ed904]
2013-01-09 09:39:49,186 DEBUG [TestContextManager]: Registering TestExecutionListener [org.springframework.test.context.support.DirtiesContextTestExecutionListener@548997d1]
2013-01-09 09:39:49,186 DEBUG [TestContextManager]: Registering TestExecutionListener [org.springframework.test.context.transaction.TransactionalTestExecutionListener@154e45b3]
2013-01-09 09:39:49,186 DEBUG [TestContextManager]: Registering TestExecutionListener [com.nayidisha.testing.TwitterTestExecutionListener@45c1f5b2]
2013-01-09 09:39:49,186 DEBUG [ProfileValueUtils]: Retrieved @ProfileValueSourceConfiguration [null] for test class [com.nayidisha.twitter.service.test.TwitterServiceTest]
2013-01-09 09:39:49,186 DEBUG [ProfileValueUtils]: Retrieved ProfileValueSource type [class org.springframework.test.annotation.SystemProfileValueSource] for class [com.nayidisha.twitter.service.test.TwitterServiceTest]
2013-01-09 09:39:49,186 DEBUG [ProfileValueUtils]: Retrieved @ProfileValueSourceConfiguration [null] for test class [com.nayidisha.twitter.service.test.TwitterServiceTest]
2013-01-09 09:39:49,186 DEBUG [ProfileValueUtils]: Retrieved ProfileValueSource type [class org.springframework.test.annotation.SystemProfileValueSource] for class [com.nayidisha.twitter.service.test.TwitterServiceTest]
2013-01-09 09:39:49,187 DEBUG [TestContextManager]: beforeTestClass(): class [class com.nayidisha.twitter.service.test.TwitterServiceTest]
2013-01-09 09:39:49,187 DEBUG [AbstractGenericContextLoader]: Loading ApplicationContext for locations [classpath:/twitterContext.xml,classpath:/com/nayidisha/twitter/service/test/AbstractTwitterTests-context.xml].
2013-01-09 09:39:49,188 INFO  [XmlBeanDefinitionReader]: Loading XML bean definitions from class path resource [twitterContext.xml]
2013-01-09 09:39:49,190 DEBUG [DefaultDocumentLoader]: Using JAXP provider [com.sun.org.apache.xerces.internal.jaxp.DocumentBuilderFactoryImpl]
2013-01-09 09:39:49,191 DEBUG [PluggableSchemaResolver]: Trying to resolve XML entity with public id [null] and system id [http://www.springframework.org/schema/beans/spring-beans-2.0.xsd]
2013-01-09 09:39:49,191 DEBUG [PluggableSchemaResolver]: Loading schema mappings from [META-INF/spring.schemas]
2013-01-09 09:39:49,198 DEBUG [PluggableSchemaResolver]: Loaded schema mappings: {http://www.springframework.org/schema/lang/spring-lang.xsd=org/springframework/scripting/config/spring-lang-3.0.xsd, http://www.springframework.org/schema/lang/spring-lang-2.5.xsd=org/springframework/scripting/config/spring-lang-2.5.xsd, http://www.springframework.org/schema/context/spring-context-2.5.xsd=org/springframework/context/config/spring-context-2.5.xsd, http://www.springframework.org/schema/context/spring-context.xsd=org/springframework/context/config/spring-context-3.0.xsd, http://www.springframework.org/schema/util/spring-util-3.0.xsd=org/springframework/beans/factory/xml/spring-util-3.0.xsd, http://www.springframework.org/schema/aop/spring-aop.xsd=org/springframework/aop/config/spring-aop-3.0.xsd, http://www.springframework.org/schema/util/spring-util-2.0.xsd=org/springframework/beans/factory/xml/spring-util-2.0.xsd, http://www.springframework.org/schema/task/spring-task-3.0.xsd=org/springframework/scheduling/config/spring-task-3.0.xsd, http://www.springframework.org/schema/util/spring-util-2.5.xsd=org/springframework/beans/factory/xml/spring-util-2.5.xsd, http://www.springframework.org/schema/tool/spring-tool-3.0.xsd=org/springframework/beans/factory/xml/spring-tool-3.0.xsd, http://www.springframework.org/schema/jdbc/spring-jdbc.xsd=org/springframework/jdbc/config/spring-jdbc-3.0.xsd, http://www.springframework.org/schema/tool/spring-tool-2.0.xsd=org/springframework/beans/factory/xml/spring-tool-2.0.xsd, http://www.springframework.org/schema/tx/spring-tx-2.0.xsd=org/springframework/transaction/config/spring-tx-2.0.xsd, http://www.springframework.org/schema/task/spring-task.xsd=org/springframework/scheduling/config/spring-task-3.0.xsd, http://www.springframework.org/schema/context/spring-context-3.0.xsd=org/springframework/context/config/spring-context-3.0.xsd, http://www.springframework.org/schema/beans/spring-beans-2.0.xsd=org/springframework/beans/factory/xml/spring-beans-2.0.xsd, http://www.springframework.org/schema/tool/spring-tool-2.5.xsd=org/springframework/beans/factory/xml/spring-tool-2.5.xsd, http://www.springframework.org/schema/tx/spring-tx-2.5.xsd=org/springframework/transaction/config/spring-tx-2.5.xsd, http://www.springframework.org/schema/jee/spring-jee.xsd=org/springframework/ejb/config/spring-jee-3.0.xsd, http://www.springframework.org/schema/beans/spring-beans-2.5.xsd=org/springframework/beans/factory/xml/spring-beans-2.5.xsd, http://www.springframework.org/schema/beans/spring-beans.xsd=org/springframework/beans/factory/xml/spring-beans-3.0.xsd, http://www.springframework.org/schema/tool/spring-tool.xsd=org/springframework/beans/factory/xml/spring-tool-3.0.xsd, http://www.springframework.org/schema/jee/spring-jee-3.0.xsd=org/springframework/ejb/config/spring-jee-3.0.xsd, http://www.springframework.org/schema/tx/spring-tx.xsd=org/springframework/transaction/config/spring-tx-3.0.xsd, http://www.springframework.org/schema/aop/spring-aop-3.0.xsd=org/springframework/aop/config/spring-aop-3.0.xsd, http://www.springframework.org/schema/jee/spring-jee-2.0.xsd=org/springframework/ejb/config/spring-jee-2.0.xsd, http://www.springframework.org/schema/aop/spring-aop-2.0.xsd=org/springframework/aop/config/spring-aop-2.0.xsd, http://www.springframework.org/schema/tx/spring-tx-3.0.xsd=org/springframework/transaction/config/spring-tx-3.0.xsd, http://www.springframework.org/schema/jee/spring-jee-2.5.xsd=org/springframework/ejb/config/spring-jee-2.5.xsd, http://www.springframework.org/schema/aop/spring-aop-2.5.xsd=org/springframework/aop/config/spring-aop-2.5.xsd, http://www.springframework.org/schema/beans/spring-beans-3.0.xsd=org/springframework/beans/factory/xml/spring-beans-3.0.xsd, http://www.springframework.org/schema/lang/spring-lang-3.0.xsd=org/springframework/scripting/config/spring-lang-3.0.xsd, http://www.springframework.org/schema/lang/spring-lang-2.0.xsd=org/springframework/scripting/config/spring-lang-2.0.xsd, http://www.springframework.org/schema/jdbc/spring-jdbc-3.0.xsd=org/springframework/jdbc/config/spring-jdbc-3.0.xsd, http://www.springframework.org/schema/util/spring-util.xsd=org/springframework/beans/factory/xml/spring-util-3.0.xsd}
2013-01-09 09:39:49,199 DEBUG [PluggableSchemaResolver]: Found XML schema [http://www.springframework.org/schema/beans/spring-beans-2.0.xsd] in classpath: org/springframework/beans/factory/xml/spring-beans-2.0.xsd
2013-01-09 09:39:49,226 DEBUG [PluggableSchemaResolver]: Trying to resolve XML entity with public id [null] and system id [http://www.springframework.org/schema/aop/spring-aop-2.5.xsd]
2013-01-09 09:39:49,227 DEBUG [PluggableSchemaResolver]: Found XML schema [http://www.springframework.org/schema/aop/spring-aop-2.5.xsd] in classpath: org/springframework/aop/config/spring-aop-2.5.xsd
2013-01-09 09:39:49,231 DEBUG [PluggableSchemaResolver]: Trying to resolve XML entity with public id [null] and system id [http://www.springframework.org/schema/tool/spring-tool-2.5.xsd]
2013-01-09 09:39:49,231 DEBUG [PluggableSchemaResolver]: Found XML schema [http://www.springframework.org/schema/tool/spring-tool-2.5.xsd] in classpath: org/springframework/beans/factory/xml/spring-tool-2.5.xsd
2013-01-09 09:39:49,239 DEBUG [PluggableSchemaResolver]: Trying to resolve XML entity with public id [null] and system id [http://www.springframework.org/schema/tx/spring-tx-2.5.xsd]
2013-01-09 09:39:49,239 DEBUG [PluggableSchemaResolver]: Found XML schema [http://www.springframework.org/schema/tx/spring-tx-2.5.xsd] in classpath: org/springframework/transaction/config/spring-tx-2.5.xsd
2013-01-09 09:39:49,247 DEBUG [PluggableSchemaResolver]: Trying to resolve XML entity with public id [null] and system id [http://www.springframework.org/schema/util/spring-util-2.0.xsd]
2013-01-09 09:39:49,247 DEBUG [PluggableSchemaResolver]: Found XML schema [http://www.springframework.org/schema/util/spring-util-2.0.xsd] in classpath: org/springframework/beans/factory/xml/spring-util-2.0.xsd
2013-01-09 09:39:49,256 DEBUG [DefaultBeanDefinitionDocumentReader]: Loading bean definitions
2013-01-09 09:39:49,262 DEBUG [DefaultNamespaceHandlerResolver]: Loaded NamespaceHandler mappings: {http://www.springframework.org/schema/p=org.springframework.beans.factory.xml.SimplePropertyNamespaceHandler, http://www.springframework.org/schema/util=org.springframework.beans.factory.xml.UtilNamespaceHandler, http://www.springframework.org/schema/jee=org.springframework.ejb.config.JeeNamespaceHandler, http://www.springframework.org/schema/aop=org.springframework.aop.config.AopNamespaceHandler, http://www.springframework.org/schema/jdbc=org.springframework.jdbc.config.JdbcNamespaceHandler, http://www.springframework.org/schema/tx=org.springframework.transaction.config.TxNamespaceHandler, http://www.springframework.org/schema/task=org.springframework.scheduling.config.TaskNamespaceHandler, http://www.springframework.org/schema/lang=org.springframework.scripting.config.LangNamespaceHandler, http://www.springframework.org/schema/context=org.springframework.context.config.ContextNamespaceHandler}
2013-01-09 09:39:49,267 DEBUG [XmlBeanDefinitionReader]: Loaded 17 bean definitions from location pattern [classpath:/twitterContext.xml]
2013-01-09 09:39:49,267 INFO  [XmlBeanDefinitionReader]: Loading XML bean definitions from class path resource [com/nayidisha/twitter/service/test/AbstractTwitterTests-context.xml]
2013-01-09 09:39:49,268 DEBUG [DefaultDocumentLoader]: Using JAXP provider [com.sun.org.apache.xerces.internal.jaxp.DocumentBuilderFactoryImpl]
2013-01-09 09:39:49,269 DEBUG [PluggableSchemaResolver]: Trying to resolve XML entity with public id [null] and system id [http://www.springframework.org/schema/beans/spring-beans.xsd]
2013-01-09 09:39:49,270 DEBUG [PluggableSchemaResolver]: Found XML schema [http://www.springframework.org/schema/beans/spring-beans.xsd] in classpath: org/springframework/beans/factory/xml/spring-beans-3.0.xsd
2013-01-09 09:39:49,290 DEBUG [PluggableSchemaResolver]: Trying to resolve XML entity with public id [null] and system id [http://www.springframework.org/schema/context/spring-context.xsd]
2013-01-09 09:39:49,291 DEBUG [PluggableSchemaResolver]: Found XML schema [http://www.springframework.org/schema/context/spring-context.xsd] in classpath: org/springframework/context/config/spring-context-3.0.xsd
2013-01-09 09:39:49,295 DEBUG [PluggableSchemaResolver]: Trying to resolve XML entity with public id [null] and system id [http://www.springframework.org/schema/tool/spring-tool-3.0.xsd]
2013-01-09 09:39:49,295 DEBUG [PluggableSchemaResolver]: Found XML schema [http://www.springframework.org/schema/tool/spring-tool-3.0.xsd] in classpath: org/springframework/beans/factory/xml/spring-tool-3.0.xsd
2013-01-09 09:39:49,302 DEBUG [PluggableSchemaResolver]: Trying to resolve XML entity with public id [null] and system id [http://www.springframework.org/schema/tx/spring-tx.xsd]
2013-01-09 09:39:49,303 DEBUG [PluggableSchemaResolver]: Found XML schema [http://www.springframework.org/schema/tx/spring-tx.xsd] in classpath: org/springframework/transaction/config/spring-tx-3.0.xsd
2013-01-09 09:39:49,309 DEBUG [DefaultBeanDefinitionDocumentReader]: Loading bean definitions
2013-01-09 09:39:49,310 DEBUG [XmlBeanDefinitionReader]: Loaded 6 bean definitions from location pattern [classpath:/com/nayidisha/twitter/service/test/AbstractTwitterTests-context.xml]
2013-01-09 09:39:49,311 INFO  [GenericApplicationContext]: Refreshing org.springframework.context.support.GenericApplicationContext@40e99ce5: startup date [Wed Jan 09 09:39:49 EST 2013]; root of context hierarchy
2013-01-09 09:39:49,311 DEBUG [GenericApplicationContext]: Bean factory for org.springframework.context.support.GenericApplicationContext@40e99ce5: org.springframework.beans.factory.support.DefaultListableBeanFactory@3bf8bd0d: defining beans [twitterService,campaignService,schedulerService,quartzScheduler,twitterDAO,campaignDAO,myTxManager,org.springframework.aop.config.internalAutoProxyCreator,campaignServiceMethods,org.springframework.aop.support.DefaultBeanFactoryPointcutAdvisor#0,txAdvice,myDataSource,twitterMappingResources,mappingResources,mySessionFactory,propertyConfigurer,auditInterceptor,org.springframework.beans.factory.config.PropertyPlaceholderConfigurer#0,org.springframework.context.annotation.internalConfigurationAnnotationProcessor,org.springframework.context.annotation.internalAutowiredAnnotationProcessor,org.springframework.context.annotation.internalRequiredAnnotationProcessor,org.springframework.context.annotation.internalCommonAnnotationProcessor,org.springframework.transaction.interceptor.TransactionAttributeSourceAdvisor#0]; root of factory hierarchy
2013-01-09 09:39:49,314 DEBUG [DefaultListableBeanFactory]: Creating shared instance of singleton bean 'org.springframework.context.annotation.internalConfigurationAnnotationProcessor'
2013-01-09 09:39:49,314 DEBUG [DefaultListableBeanFactory]: Creating instance of bean 'org.springframework.context.annotation.internalConfigurationAnnotationProcessor'
2013-01-09 09:39:49,314 DEBUG [DefaultListableBeanFactory]: Eagerly caching bean 'org.springframework.context.annotation.internalConfigurationAnnotationProcessor' to allow for resolving potential circular references
2013-01-09 09:39:49,314 DEBUG [DefaultListableBeanFactory]: Finished creating instance of bean 'org.springframework.context.annotation.internalConfigurationAnnotationProcessor'
2013-01-09 09:39:49,334 DEBUG [DefaultListableBeanFactory]: Creating shared instance of singleton bean 'propertyConfigurer'
2013-01-09 09:39:49,334 DEBUG [DefaultListableBeanFactory]: Creating instance of bean 'propertyConfigurer'
2013-01-09 09:39:49,334 DEBUG [DefaultListableBeanFactory]: Eagerly caching bean 'propertyConfigurer' to allow for resolving potential circular references
2013-01-09 09:39:49,334 DEBUG [TypeConverterDelegate]: Converting String to [boolean] using property editor [org.springframework.beans.propertyeditors.CustomBooleanEditor@30c06258]
2013-01-09 09:39:49,335 DEBUG [DefaultListableBeanFactory]: Finished creating instance of bean 'propertyConfigurer'
2013-01-09 09:39:49,335 DEBUG [DefaultListableBeanFactory]: Creating shared instance of singleton bean 'org.springframework.beans.factory.config.PropertyPlaceholderConfigurer#0'
2013-01-09 09:39:49,335 DEBUG [DefaultListableBeanFactory]: Creating instance of bean 'org.springframework.beans.factory.config.PropertyPlaceholderConfigurer#0'
2013-01-09 09:39:49,335 DEBUG [DefaultListableBeanFactory]: Eagerly caching bean 'org.springframework.beans.factory.config.PropertyPlaceholderConfigurer#0' to allow for resolving potential circular references
2013-01-09 09:39:49,335 DEBUG [DefaultListableBeanFactory]: Finished creating instance of bean 'org.springframework.beans.factory.config.PropertyPlaceholderConfigurer#0'
2013-01-09 09:39:49,335 INFO  [PropertyPlaceholderConfigurer]: Loading properties file from class path resource [service.properties]
2013-01-09 09:39:49,336 DEBUG [PropertyPlaceholderHelper]: Resolved placeholder 'twitterUserId'
2013-01-09 09:39:49,336 DEBUG [PropertyPlaceholderHelper]: Resolved placeholder 'twitterPassword'
2013-01-09 09:39:49,337 DEBUG [PropertyPlaceholderHelper]: Resolved placeholder 'db.driver.class'
2013-01-09 09:39:49,337 INFO  [PropertyPlaceholderConfigurer]: Loading properties file from class path resource [service.properties]
2013-01-09 09:39:49,341 DEBUG [DefaultListableBeanFactory]: Creating shared instance of singleton bean 'org.springframework.context.annotation.internalAutowiredAnnotationProcessor'
2013-01-09 09:39:49,342 DEBUG [DefaultListableBeanFactory]: Creating instance of bean 'org.springframework.context.annotation.internalAutowiredAnnotationProcessor'
2013-01-09 09:39:49,342 DEBUG [DefaultListableBeanFactory]: Eagerly caching bean 'org.springframework.context.annotation.internalAutowiredAnnotationProcessor' to allow for resolving potential circular references
2013-01-09 09:39:49,342 DEBUG [DefaultListableBeanFactory]: Finished creating instance of bean 'org.springframework.context.annotation.internalAutowiredAnnotationProcessor'
2013-01-09 09:39:49,342 DEBUG [DefaultListableBeanFactory]: Creating shared instance of singleton bean 'org.springframework.context.annotation.internalRequiredAnnotationProcessor'
2013-01-09 09:39:49,342 DEBUG [DefaultListableBeanFactory]: Creating instance of bean 'org.springframework.context.annotation.internalRequiredAnnotationProcessor'
2013-01-09 09:39:49,342 DEBUG [DefaultListableBeanFactory]: Eagerly caching bean 'org.springframework.context.annotation.internalRequiredAnnotationProcessor' to allow for resolving potential circular references
2013-01-09 09:39:49,342 DEBUG [DefaultListableBeanFactory]: Finished creating instance of bean 'org.springframework.context.annotation.internalRequiredAnnotationProcessor'
2013-01-09 09:39:49,343 DEBUG [DefaultListableBeanFactory]: Creating shared instance of singleton bean 'org.springframework.context.annotation.internalCommonAnnotationProcessor'
2013-01-09 09:39:49,343 DEBUG [DefaultListableBeanFactory]: Creating instance of bean 'org.springframework.context.annotation.internalCommonAnnotationProcessor'
2013-01-09 09:39:49,343 DEBUG [DefaultListableBeanFactory]: Eagerly caching bean 'org.springframework.context.annotation.internalCommonAnnotationProcessor' to allow for resolving potential circular references
2013-01-09 09:39:49,343 DEBUG [DefaultListableBeanFactory]: Finished creating instance of bean 'org.springframework.context.annotation.internalCommonAnnotationProcessor'
2013-01-09 09:39:49,344 DEBUG [DefaultListableBeanFactory]: Creating shared instance of singleton bean 'org.springframework.aop.config.internalAutoProxyCreator'
2013-01-09 09:39:49,344 DEBUG [DefaultListableBeanFactory]: Creating instance of bean 'org.springframework.aop.config.internalAutoProxyCreator'
2013-01-09 09:39:49,345 DEBUG [DefaultListableBeanFactory]: Eagerly caching bean 'org.springframework.aop.config.internalAutoProxyCreator' to allow for resolving potential circular references
2013-01-09 09:39:49,345 DEBUG [DefaultListableBeanFactory]: Finished creating instance of bean 'org.springframework.aop.config.internalAutoProxyCreator'
2013-01-09 09:39:49,346 DEBUG [GenericApplicationContext]: Unable to locate MessageSource with name 'messageSource': using default [org.springframework.context.support.DelegatingMessageSource@26789869]
2013-01-09 09:39:49,346 DEBUG [GenericApplicationContext]: Unable to locate ApplicationEventMulticaster with name 'applicationEventMulticaster': using default [org.springframework.context.event.SimpleApplicationEventMulticaster@375e293a]
2013-01-09 09:39:49,348 INFO  [DefaultListableBeanFactory]: Pre-instantiating singletons in org.springframework.beans.factory.support.DefaultListableBeanFactory@3bf8bd0d: defining beans [twitterService,campaignService,schedulerService,quartzScheduler,twitterDAO,campaignDAO,myTxManager,org.springframework.aop.config.internalAutoProxyCreator,campaignServiceMethods,org.springframework.aop.support.DefaultBeanFactoryPointcutAdvisor#0,txAdvice,myDataSource,twitterMappingResources,mappingResources,mySessionFactory,propertyConfigurer,auditInterceptor,org.springframework.beans.factory.config.PropertyPlaceholderConfigurer#0,org.springframework.context.annotation.internalConfigurationAnnotationProcessor,org.springframework.context.annotation.internalAutowiredAnnotationProcessor,org.springframework.context.annotation.internalRequiredAnnotationProcessor,org.springframework.context.annotation.internalCommonAnnotationProcessor,org.springframework.transaction.interceptor.TransactionAttributeSourceAdvisor#0]; root of factory hierarchy
2013-01-09 09:39:49,348 DEBUG [DefaultListableBeanFactory]: Creating shared instance of singleton bean 'twitterService'
2013-01-09 09:39:49,348 DEBUG [DefaultListableBeanFactory]: Creating instance of bean 'twitterService'
2013-01-09 09:39:49,350 DEBUG [DefaultListableBeanFactory]: Creating shared instance of singleton bean 'org.springframework.aop.support.DefaultBeanFactoryPointcutAdvisor#0'
2013-01-09 09:39:49,350 DEBUG [DefaultListableBeanFactory]: Creating instance of bean 'org.springframework.aop.support.DefaultBeanFactoryPointcutAdvisor#0'
2013-01-09 09:39:49,350 DEBUG [AspectJAwareAdvisorAutoProxyCreator]: Did not attempt to auto-proxy infrastructure class [org.springframework.aop.support.DefaultBeanFactoryPointcutAdvisor]
2013-01-09 09:39:49,351 DEBUG [DefaultListableBeanFactory]: Eagerly caching bean 'org.springframework.aop.support.DefaultBeanFactoryPointcutAdvisor#0' to allow for resolving potential circular references
2013-01-09 09:39:49,351 DEBUG [DefaultListableBeanFactory]: Creating instance of bean 'campaignServiceMethods'
2013-01-09 09:39:49,352 DEBUG [DefaultListableBeanFactory]: Finished creating instance of bean 'campaignServiceMethods'
2013-01-09 09:39:49,353 DEBUG [DefaultListableBeanFactory]: Finished creating instance of bean 'org.springframework.aop.support.DefaultBeanFactoryPointcutAdvisor#0'
2013-01-09 09:39:49,353 DEBUG [DefaultListableBeanFactory]: Creating shared instance of singleton bean 'org.springframework.transaction.interceptor.TransactionAttributeSourceAdvisor#0'
2013-01-09 09:39:49,353 DEBUG [DefaultListableBeanFactory]: Creating instance of bean 'org.springframework.transaction.interceptor.TransactionAttributeSourceAdvisor#0'
2013-01-09 09:39:49,353 DEBUG [AspectJAwareAdvisorAutoProxyCreator]: Did not attempt to auto-proxy infrastructure class [org.springframework.transaction.interceptor.TransactionAttributeSourceAdvisor]
2013-01-09 09:39:49,353 DEBUG [DefaultListableBeanFactory]: Eagerly caching bean 'org.springframework.transaction.interceptor.TransactionAttributeSourceAdvisor#0' to allow for resolving potential circular references
2013-01-09 09:39:49,354 DEBUG [DefaultListableBeanFactory]: Creating instance of bean '(inner bean)'
2013-01-09 09:39:49,354 DEBUG [AspectJAwareAdvisorAutoProxyCreator]: Did not attempt to auto-proxy infrastructure class [org.springframework.transaction.interceptor.TransactionInterceptor]
2013-01-09 09:39:49,354 DEBUG [DefaultListableBeanFactory]: No bean named 'transactionManager' found in org.springframework.beans.factory.support.DefaultListableBeanFactory@3bf8bd0d: defining beans [twitterService,campaignService,schedulerService,quartzScheduler,twitterDAO,campaignDAO,myTxManager,org.springframework.aop.config.internalAutoProxyCreator,campaignServiceMethods,org.springframework.aop.support.DefaultBeanFactoryPointcutAdvisor#0,txAdvice,myDataSource,twitterMappingResources,mappingResources,mySessionFactory,propertyConfigurer,auditInterceptor,org.springframework.beans.factory.config.PropertyPlaceholderConfigurer#0,org.springframework.context.annotation.internalConfigurationAnnotationProcessor,org.springframework.context.annotation.internalAutowiredAnnotationProcessor,org.springframework.context.annotation.internalRequiredAnnotationProcessor,org.springframework.context.annotation.internalCommonAnnotationProcessor,org.springframework.transaction.interceptor.TransactionAttributeSourceAdvisor#0]; root of factory hierarchy
2013-01-09 09:39:49,355 INFO  [DefaultListableBeanFactory]: Destroying singletons in org.springframework.beans.factory.support.DefaultListableBeanFactory@3bf8bd0d: defining beans [twitterService,campaignService,schedulerService,quartzScheduler,twitterDAO,campaignDAO,myTxManager,org.springframework.aop.config.internalAutoProxyCreator,campaignServiceMethods,org.springframework.aop.support.DefaultBeanFactoryPointcutAdvisor#0,txAdvice,myDataSource,twitterMappingResources,mappingResources,mySessionFactory,propertyConfigurer,auditInterceptor,org.springframework.beans.factory.config.PropertyPlaceholderConfigurer#0,org.springframework.context.annotation.internalConfigurationAnnotationProcessor,org.springframework.context.annotation.internalAutowiredAnnotationProcessor,org.springframework.context.annotation.internalRequiredAnnotationProcessor,org.springframework.context.annotation.internalCommonAnnotationProcessor,org.springframework.transaction.interceptor.TransactionAttributeSourceAdvisor#0]; root of factory hierarchy
2013-01-09 09:39:49,355 WARN  [TestContextManager]: Caught exception while allowing TestExecutionListener [com.nayidisha.testing.TwitterTestExecutionListener@45c1f5b2] to process 'before class' callback for test class [class com.nayidisha.twitter.service.test.TwitterServiceTest]
java.lang.IllegalStateException: Failed to load ApplicationContext
	at org.springframework.test.context.TestContext.getApplicationContext(TestContext.java:308)
	at com.nayidisha.testing.TwitterTestExecutionListener.beforeTestClass(TwitterTestExecutionListener.java:26)
	at org.springframework.test.context.TestContextManager.beforeTestClass(TestContextManager.java:295)
	at org.springframework.test.context.junit4.statements.RunBeforeTestClassCallbacks.evaluate(RunBeforeTestClassCallbacks.java:60)
	at org.springframework.test.context.junit4.statements.RunAfterTestClassCallbacks.evaluate(RunAfterTestClassCallbacks.java:70)
	at org.junit.runners.ParentRunner.run(ParentRunner.java:236)
	at org.springframework.test.context.junit4.SpringJUnit4ClassRunner.run(SpringJUnit4ClassRunner.java:180)
	at org.apache.maven.surefire.junit4.JUnit4TestSet.execute(JUnit4TestSet.java:35)
	at org.apache.maven.surefire.junit4.JUnit4Provider.executeTestSet(JUnit4Provider.java:115)
	at org.apache.maven.surefire.junit4.JUnit4Provider.invoke(JUnit4Provider.java:97)
	at sun.reflect.NativeMethodAccessorImpl.invoke0(Native Method)
	at sun.reflect.NativeMethodAccessorImpl.invoke(NativeMethodAccessorImpl.java:39)
	at sun.reflect.DelegatingMethodAccessorImpl.invoke(DelegatingMethodAccessorImpl.java:25)
	at java.lang.reflect.Method.invoke(Method.java:597)
	at org.apache.maven.surefire.booter.ProviderFactory$ClassLoaderProxy.invoke(ProviderFactory.java:103)
	at $Proxy0.invoke(Unknown Source)
	at org.apache.maven.surefire.booter.SurefireStarter.invokeProvider(SurefireStarter.java:150)
	at org.apache.maven.surefire.booter.SurefireStarter.runSuitesInProcess(SurefireStarter.java:91)
	at org.apache.maven.surefire.booter.ForkedBooter.main(ForkedBooter.java:69)
Caused by: org.springframework.beans.factory.BeanCreationException: Error creating bean with name 'twitterService' defined in class path resource [twitterContext.xml]: BeanPostProcessor before instantiation of bean failed; nested exception is org.springframework.beans.factory.BeanCreationException: Error creating bean with name 'org.springframework.transaction.interceptor.TransactionAttributeSourceAdvisor#0': Cannot create inner bean '(inner bean)' of type [org.springframework.transaction.interceptor.TransactionInterceptor] while setting bean property 'transactionInterceptor'; nested exception is org.springframework.beans.factory.BeanCreationException: Error creating bean with name '(inner bean)': Cannot resolve reference to bean 'transactionManager' while setting bean property 'transactionManager'; nested exception is org.springframework.beans.factory.NoSuchBeanDefinitionException: No bean named 'transactionManager' is defined
	at org.springframework.beans.factory.support.AbstractAutowireCapableBeanFactory.createBean(AbstractAutowireCapableBeanFactory.java:452)
	at org.springframework.beans.factory.support.AbstractBeanFactory$1.getObject(AbstractBeanFactory.java:291)
	at org.springframework.beans.factory.support.DefaultSingletonBeanRegistry.getSingleton(DefaultSingletonBeanRegistry.java:222)
	at org.springframework.beans.factory.support.AbstractBeanFactory.doGetBean(AbstractBeanFactory.java:288)
	at org.springframework.beans.factory.support.AbstractBeanFactory.getBean(AbstractBeanFactory.java:190)
	at org.springframework.beans.factory.support.DefaultListableBeanFactory.preInstantiateSingletons(DefaultListableBeanFactory.java:580)
	at org.springframework.context.support.AbstractApplicationContext.finishBeanFactoryInitialization(AbstractApplicationContext.java:895)
	at org.springframework.context.support.AbstractApplicationContext.refresh(AbstractApplicationContext.java:425)
	at org.springframework.test.context.support.AbstractGenericContextLoader.loadContext(AbstractGenericContextLoader.java:84)
	at org.springframework.test.context.support.AbstractGenericContextLoader.loadContext(AbstractGenericContextLoader.java:1)
	at org.springframework.test.context.TestContext.loadApplicationContext(TestContext.java:280)
	at org.springframework.test.context.TestContext.getApplicationContext(TestContext.java:304)
	... 18 more
Caused by: org.springframework.beans.factory.BeanCreationException: Error creating bean with name 'org.springframework.transaction.interceptor.TransactionAttributeSourceAdvisor#0': Cannot create inner bean '(inner bean)' of type [org.springframework.transaction.interceptor.TransactionInterceptor] while setting bean property 'transactionInterceptor'; nested exception is org.springframework.beans.factory.BeanCreationException: Error creating bean with name '(inner bean)': Cannot resolve reference to bean 'transactionManager' while setting bean property 'transactionManager'; nested exception is org.springframework.beans.factory.NoSuchBeanDefinitionException: No bean named 'transactionManager' is defined
	at org.springframework.beans.factory.support.BeanDefinitionValueResolver.resolveInnerBean(BeanDefinitionValueResolver.java:281)
	at org.springframework.beans.factory.support.BeanDefinitionValueResolver.resolveValueIfNecessary(BeanDefinitionValueResolver.java:125)
	at org.springframework.beans.factory.support.AbstractAutowireCapableBeanFactory.applyPropertyValues(AbstractAutowireCapableBeanFactory.java:1325)
	at org.springframework.beans.factory.support.AbstractAutowireCapableBeanFactory.populateBean(AbstractAutowireCapableBeanFactory.java:1086)
	at org.springframework.beans.factory.support.AbstractAutowireCapableBeanFactory.doCreateBean(AbstractAutowireCapableBeanFactory.java:517)
	at org.springframework.beans.factory.support.AbstractAutowireCapableBeanFactory.createBean(AbstractAutowireCapableBeanFactory.java:456)
	at org.springframework.beans.factory.support.AbstractBeanFactory$1.getObject(AbstractBeanFactory.java:291)
	at org.springframework.beans.factory.support.DefaultSingletonBeanRegistry.getSingleton(DefaultSingletonBeanRegistry.java:222)
	at org.springframework.beans.factory.support.AbstractBeanFactory.doGetBean(AbstractBeanFactory.java:288)
	at org.springframework.beans.factory.support.AbstractBeanFactory.getBean(AbstractBeanFactory.java:194)
	at org.springframework.aop.framework.autoproxy.BeanFactoryAdvisorRetrievalHelper.findAdvisorBeans(BeanFactoryAdvisorRetrievalHelper.java:86)
	at org.springframework.aop.framework.autoproxy.AbstractAdvisorAutoProxyCreator.findCandidateAdvisors(AbstractAdvisorAutoProxyCreator.java:100)
	at org.springframework.aop.aspectj.autoproxy.AspectJAwareAdvisorAutoProxyCreator.shouldSkip(AspectJAwareAdvisorAutoProxyCreator.java:107)
	at org.springframework.aop.framework.autoproxy.AbstractAutoProxyCreator.postProcessBeforeInstantiation(AbstractAutoProxyCreator.java:278)
	at org.springframework.beans.factory.support.AbstractAutowireCapableBeanFactory.applyBeanPostProcessorsBeforeInstantiation(AbstractAutowireCapableBeanFactory.java:848)
	at org.springframework.beans.factory.support.AbstractAutowireCapableBeanFactory.resolveBeforeInstantiation(AbstractAutowireCapableBeanFactory.java:820)
	at org.springframework.beans.factory.support.AbstractAutowireCapableBeanFactory.createBean(AbstractAutowireCapableBeanFactory.java:446)
	... 29 more
Caused by: org.springframework.beans.factory.BeanCreationException: Error creating bean with name '(inner bean)': Cannot resolve reference to bean 'transactionManager' while setting bean property 'transactionManager'; nested exception is org.springframework.beans.factory.NoSuchBeanDefinitionException: No bean named 'transactionManager' is defined
	at org.springframework.beans.factory.support.BeanDefinitionValueResolver.resolveReference(BeanDefinitionValueResolver.java:328)
	at org.springframework.beans.factory.support.BeanDefinitionValueResolver.resolveValueIfNecessary(BeanDefinitionValueResolver.java:106)
	at org.springframework.beans.factory.support.AbstractAutowireCapableBeanFactory.applyPropertyValues(AbstractAutowireCapableBeanFactory.java:1325)
	at org.springframework.beans.factory.support.AbstractAutowireCapableBeanFactory.populateBean(AbstractAutowireCapableBeanFactory.java:1086)
	at org.springframework.beans.factory.support.AbstractAutowireCapableBeanFactory.doCreateBean(AbstractAutowireCapableBeanFactory.java:517)
	at org.springframework.beans.factory.support.AbstractAutowireCapableBeanFactory.createBean(AbstractAutowireCapableBeanFactory.java:456)
	at org.springframework.beans.factory.support.BeanDefinitionValueResolver.resolveInnerBean(BeanDefinitionValueResolver.java:270)
	... 45 more
Caused by: org.springframework.beans.factory.NoSuchBeanDefinitionException: No bean named 'transactionManager' is defined
	at org.springframework.beans.factory.support.DefaultListableBeanFactory.getBeanDefinition(DefaultListableBeanFactory.java:527)
	at org.springframework.beans.factory.support.AbstractBeanFactory.getMergedLocalBeanDefinition(AbstractBeanFactory.java:1068)
	at org.springframework.beans.factory.support.AbstractBeanFactory.doGetBean(AbstractBeanFactory.java:274)
	at org.springframework.beans.factory.support.AbstractBeanFactory.getBean(AbstractBeanFactory.java:190)
	at org.springframework.beans.factory.support.BeanDefinitionValueResolver.resolveReference(BeanDefinitionValueResolver.java:322)
	... 51 more
2013-01-09 09:39:49,356 DEBUG [TestContextManager]: afterTestClass(): class [class com.nayidisha.twitter.service.test.TwitterServiceTest]
2013-01-09 09:39:49,356 DEBUG [DirtiesContextTestExecutionListener]: After test class: context [[TestContext@2fa6a1a7 testClass = TwitterServiceTest, locations = array<String>['classpath:/twitterContext.xml', 'classpath:/com/nayidisha/twitter/service/test/AbstractTwitterTests-context.xml'], testInstance = [null], testMethod = [null], testException = [null]]], dirtiesContext [false].
